<?xml version="1.0" encoding="UTF-8"?>
<!-- Generated by org.testng.reporters.JUnitXMLReporter -->
<testsuite hostname="LT012489" name="Test" tests="4" failures="1" timestamp="9 Apr 2013 13:34:29 GMT" time="140.224" errors="0">
  <testcase name="runTC1" time="44.4" classname="testscripts.scenario1.TC1"/>
  <testcase name="runTC2" time="17.742" classname="testscripts.scenario1.TC2"/>
  <testcase name="runTC4" time="69.034" classname="testscripts.scenario2.TC4"/>
  <testcase name="runTC3" time="77.902" classname="testscripts.scenario1.TC3">
    <failure type="java.lang.AssertionError" message="User Registration Confirmation page expected, but not displayed!">
      <![CDATA[java.lang.AssertionError: User Registration Confirmation page expected, but not displayed!
	at supportlibraries.DriverScript.wrapUp(DriverScript.java:549)
	at supportlibraries.DriverScript.driveTestExecution(DriverScript.java:100)
	at testscripts.scenario1.TC3.runTC3(TC3.java:21)
	at java.util.concurrent.ThreadPoolExecutor$Worker.runTask(Unknown Source)
	at java.util.concurrent.ThreadPoolExecutor$Worker.run(Unknown Source)
	at java.lang.Thread.run(Unknown Source)
... Removed 11 stack frames]]>
    </failure>
  </testcase> <!-- runTC3 -->
</testsuite> <!-- Test -->
